<?xml version="1.0" encoding="UTF-8"?>
<!-- Generated by org.testng.reporters.JUnitReportReporter -->
<testsuite skipped="0" hostname="TheOjos" name="test.ToggleBottun$CickToggleButton" tests="1" failures="0" timestamp="2022-04-24T23:28:53 EDT" time="75.600" errors="0">
  <testcase name="UserShouldBeAbleToCickToggleButton" time="75.600" classname="test.ToggleBottun$CickToggleButton"/>
  <system-out/>
</testsuite> <!-- test.ToggleBottun$CickToggleButton -->
