<?xml version="1.0" encoding="UTF-8"?>
<!-- Generated by org.testng.reporters.JUnitReportReporter -->
<testsuite skipped="0" hostname="TheOjos" name="test.ToggleBottun$ClickToggleButton" tests="1" failures="0" timestamp="2022-04-25T00:56:19 EDT" time="9.261" errors="0">
  <testcase name="UserShouldBeAbleToClickToggleButton" time="9.261" classname="test.ToggleBottun$ClickToggleButton"/>
  <system-out/>
</testsuite> <!-- test.ToggleBottun$ClickToggleButton -->
